2025-03-25 20:42:51,650 - WARNING - Intento de inicio de sesión fallido para usuario: Valepin
2025-03-25 20:46:10,246 - INFO - Inicio de sesión exitoso para usuario: admin
2025-03-25 20:48:29,921 - WARNING - Intento de inicio de sesión fallido para usuario: Valepin
2025-03-25 20:50:30,533 - WARNING - Intento de inicio de sesión fallido para usuario: Valepin
2025-03-25 20:50:54,555 - WARNING - Intento de inicio de sesión fallido para usuario: Valepin
2025-03-25 20:52:39,098 - WARNING - Intento de inicio de sesión fallido para usuario: admin
2025-03-25 20:52:48,866 - INFO - Inicio de sesión exitoso para usuario: Valepin
2025-03-27 16:15:03,727 - INFO - Inicio de sesión exitoso para usuario: Valepin
2025-03-27 16:16:35,769 - INFO - Producto agregado: Coca Cola
2025-03-27 16:17:35,227 - INFO - Producto actualizado: Coca Cola
2025-03-27 16:25:13,488 - INFO - Inicio de sesión exitoso para usuario: Valepin
2025-03-27 16:26:50,435 - INFO - Inicio de sesión exitoso para usuario: Valepin
2025-03-27 16:27:30,394 - INFO - Inicio de sesión exitoso para usuario: Valepin
2025-03-27 16:30:26,739 - INFO - Inicio de sesión exitoso para usuario: Valepin
2025-03-27 16:32:24,734 - INFO - Inicio de sesión exitoso para usuario: Valepin
2025-03-27 16:35:29,115 - INFO - Inicio de sesión exitoso para usuario: Valepin
2025-03-27 16:36:53,796 - INFO - Inicio de sesión exitoso para usuario: Valepin
2025-03-27 16:36:56,356 - ERROR - Error al cargar productos.json. Archivo vacío o corrupto.
2025-03-27 16:37:30,623 - ERROR - Error al cargar productos.json. Archivo vacío o corrupto.
2025-03-27 16:37:30,631 - INFO - Producto agregado: Pepsi
2025-03-27 16:37:55,145 - INFO - Stock actualizado: Pepsi - Nueva cantidad: 12
2025-03-27 16:43:32,088 - INFO - Inicio de sesión exitoso para usuario: Valepin
2025-03-27 16:44:30,875 - INFO - Producto agregado: Polera rosa
2025-03-27 16:51:52,275 - INFO - Inicio de sesión exitoso para usuario: Valepin
2025-03-27 16:58:40,790 - INFO - Reporte de inventario generado correctamente.
2025-03-27 16:59:05,322 - INFO - Inicio de sesión exitoso para usuario: Valepin
2025-03-27 16:59:07,043 - INFO - Reporte de inventario generado correctamente.
2025-03-27 16:59:36,258 - INFO - Inicio de sesión exitoso para usuario: Valepin
2025-03-27 16:59:46,709 - INFO - Reporte de inventario generado correctamente.
2025-03-27 16:59:46,711 - INFO - Reporte de inventario generado correctamente.
2025-03-27 16:59:46,714 - INFO - Reporte de inventario generado correctamente.
2025-03-27 16:59:46,717 - INFO - Reporte de inventario generado correctamente.
2025-03-27 16:59:46,719 - INFO - Reporte de inventario generado correctamente.
2025-03-27 16:59:46,721 - INFO - Reporte de inventario generado correctamente.
2025-03-27 16:59:46,724 - INFO - Reporte de inventario generado correctamente.
2025-03-27 16:59:46,727 - INFO - Reporte de inventario generado correctamente.
2025-03-27 16:59:46,730 - INFO - Reporte de inventario generado correctamente.
2025-03-27 16:59:46,732 - INFO - Reporte de inventario generado correctamente.
2025-03-27 16:59:46,735 - INFO - Reporte de inventario generado correctamente.
2025-03-27 16:59:46,737 - INFO - Reporte de inventario generado correctamente.
2025-03-27 16:59:46,740 - INFO - Reporte de inventario generado correctamente.
2025-03-27 16:59:46,742 - INFO - Reporte de inventario generado correctamente.
2025-03-27 16:59:46,744 - INFO - Reporte de inventario generado correctamente.
2025-03-27 16:59:46,747 - INFO - Reporte de inventario generado correctamente.
2025-03-27 16:59:46,750 - INFO - Reporte de inventario generado correctamente.
2025-03-27 16:59:46,752 - INFO - Reporte de inventario generado correctamente.
2025-03-27 16:59:46,754 - INFO - Reporte de inventario generado correctamente.
2025-03-27 16:59:46,757 - INFO - Reporte de inventario generado correctamente.
2025-03-27 16:59:46,759 - INFO - Reporte de inventario generado correctamente.
2025-03-27 16:59:46,762 - INFO - Reporte de inventario generado correctamente.
2025-03-27 16:59:46,765 - INFO - Reporte de inventario generado correctamente.
2025-03-27 16:59:46,767 - INFO - Reporte de inventario generado correctamente.
2025-03-27 16:59:46,770 - INFO - Reporte de inventario generado correctamente.
2025-03-27 16:59:46,772 - INFO - Reporte de inventario generado correctamente.
2025-03-27 16:59:46,775 - INFO - Reporte de inventario generado correctamente.
2025-03-27 16:59:46,777 - INFO - Reporte de inventario generado correctamente.
2025-03-27 16:59:46,779 - INFO - Reporte de inventario generado correctamente.
2025-03-27 16:59:46,782 - INFO - Reporte de inventario generado correctamente.
2025-03-27 16:59:46,785 - INFO - Reporte de inventario generado correctamente.
2025-03-27 16:59:46,787 - INFO - Reporte de inventario generado correctamente.
2025-03-27 16:59:46,789 - INFO - Reporte de inventario generado correctamente.
2025-03-27 16:59:46,792 - INFO - Reporte de inventario generado correctamente.
2025-03-27 16:59:46,794 - INFO - Reporte de inventario generado correctamente.
2025-03-27 16:59:46,797 - INFO - Reporte de inventario generado correctamente.
2025-03-27 16:59:46,800 - INFO - Reporte de inventario generado correctamente.
2025-03-27 16:59:46,803 - INFO - Reporte de inventario generado correctamente.
2025-03-27 16:59:46,805 - INFO - Reporte de inventario generado correctamente.
2025-03-27 16:59:46,808 - INFO - Reporte de inventario generado correctamente.
2025-03-27 16:59:46,810 - INFO - Reporte de inventario generado correctamente.
2025-03-27 16:59:46,820 - INFO - Reporte de inventario generado correctamente.
2025-03-27 16:59:46,822 - INFO - Reporte de inventario generado correctamente.
2025-03-27 16:59:46,839 - INFO - Reporte de inventario generado correctamente.
2025-03-27 16:59:46,889 - INFO - Reporte de inventario generado correctamente.
2025-03-27 16:59:46,919 - INFO - Reporte de inventario generado correctamente.
2025-03-27 16:59:46,922 - INFO - Reporte de inventario generado correctamente.
2025-03-27 16:59:46,925 - INFO - Reporte de inventario generado correctamente.
2025-03-27 16:59:46,927 - INFO - Reporte de inventario generado correctamente.
2025-03-27 16:59:46,930 - INFO - Reporte de inventario generado correctamente.
2025-03-27 16:59:46,932 - INFO - Reporte de inventario generado correctamente.
2025-03-27 16:59:46,935 - INFO - Reporte de inventario generado correctamente.
2025-03-27 16:59:46,939 - INFO - Reporte de inventario generado correctamente.
2025-03-27 16:59:46,949 - INFO - Reporte de inventario generado correctamente.
2025-03-27 16:59:46,954 - INFO - Reporte de inventario generado correctamente.
2025-03-27 16:59:46,958 - INFO - Reporte de inventario generado correctamente.
2025-03-27 16:59:46,961 - INFO - Reporte de inventario generado correctamente.
2025-03-27 16:59:46,963 - INFO - Reporte de inventario generado correctamente.
2025-03-27 16:59:46,965 - INFO - Reporte de inventario generado correctamente.
2025-03-27 16:59:46,968 - INFO - Reporte de inventario generado correctamente.
2025-03-27 16:59:46,971 - INFO - Reporte de inventario generado correctamente.
2025-03-27 16:59:46,973 - INFO - Reporte de inventario generado correctamente.
2025-03-27 16:59:46,975 - INFO - Reporte de inventario generado correctamente.
2025-03-27 16:59:46,977 - INFO - Reporte de inventario generado correctamente.
2025-03-27 16:59:46,979 - INFO - Reporte de inventario generado correctamente.
2025-03-27 16:59:46,982 - INFO - Reporte de inventario generado correctamente.
2025-03-27 16:59:46,984 - INFO - Reporte de inventario generado correctamente.
2025-03-27 16:59:46,986 - INFO - Reporte de inventario generado correctamente.
2025-03-27 16:59:46,988 - INFO - Reporte de inventario generado correctamente.
2025-03-27 16:59:46,991 - INFO - Reporte de inventario generado correctamente.
2025-03-27 16:59:46,993 - INFO - Reporte de inventario generado correctamente.
2025-03-27 16:59:46,995 - INFO - Reporte de inventario generado correctamente.
2025-03-27 16:59:46,997 - INFO - Reporte de inventario generado correctamente.
2025-03-27 16:59:47,000 - INFO - Reporte de inventario generado correctamente.
2025-03-27 16:59:47,002 - INFO - Reporte de inventario generado correctamente.
2025-03-27 16:59:47,009 - INFO - Reporte de inventario generado correctamente.
2025-03-27 16:59:47,011 - INFO - Reporte de inventario generado correctamente.
2025-03-27 16:59:47,013 - INFO - Reporte de inventario generado correctamente.
2025-03-27 16:59:47,016 - INFO - Reporte de inventario generado correctamente.
2025-03-27 16:59:47,019 - INFO - Reporte de inventario generado correctamente.
2025-03-27 16:59:47,021 - INFO - Reporte de inventario generado correctamente.
2025-03-27 16:59:47,023 - INFO - Reporte de inventario generado correctamente.
2025-03-27 16:59:47,026 - INFO - Reporte de inventario generado correctamente.
2025-03-27 16:59:47,028 - INFO - Reporte de inventario generado correctamente.
2025-03-27 16:59:47,031 - INFO - Reporte de inventario generado correctamente.
2025-03-27 16:59:47,034 - INFO - Reporte de inventario generado correctamente.
2025-03-27 16:59:47,036 - INFO - Reporte de inventario generado correctamente.
2025-03-27 16:59:47,038 - INFO - Reporte de inventario generado correctamente.
2025-03-27 16:59:47,041 - INFO - Reporte de inventario generado correctamente.
2025-03-27 16:59:47,043 - INFO - Reporte de inventario generado correctamente.
2025-03-27 16:59:47,046 - INFO - Reporte de inventario generado correctamente.
2025-03-27 16:59:47,049 - INFO - Reporte de inventario generado correctamente.
2025-03-27 16:59:47,052 - INFO - Reporte de inventario generado correctamente.
2025-03-27 16:59:47,055 - INFO - Reporte de inventario generado correctamente.
2025-03-27 16:59:47,057 - INFO - Reporte de inventario generado correctamente.
2025-03-27 16:59:47,059 - INFO - Reporte de inventario generado correctamente.
2025-03-27 16:59:47,062 - INFO - Reporte de inventario generado correctamente.
2025-03-27 16:59:47,064 - INFO - Reporte de inventario generado correctamente.
2025-03-27 16:59:47,067 - INFO - Reporte de inventario generado correctamente.
2025-03-27 16:59:47,069 - INFO - Reporte de inventario generado correctamente.
2025-03-27 16:59:47,072 - INFO - Reporte de inventario generado correctamente.
2025-03-27 16:59:47,074 - INFO - Reporte de inventario generado correctamente.
2025-03-27 16:59:47,076 - INFO - Reporte de inventario generado correctamente.
2025-03-27 16:59:47,078 - INFO - Reporte de inventario generado correctamente.
2025-03-27 16:59:47,081 - INFO - Reporte de inventario generado correctamente.
2025-03-27 16:59:47,084 - INFO - Reporte de inventario generado correctamente.
2025-03-27 16:59:47,086 - INFO - Reporte de inventario generado correctamente.
2025-03-27 16:59:47,089 - INFO - Reporte de inventario generado correctamente.
2025-03-27 16:59:47,091 - INFO - Reporte de inventario generado correctamente.
2025-03-27 16:59:47,093 - INFO - Reporte de inventario generado correctamente.
2025-03-27 16:59:47,095 - INFO - Reporte de inventario generado correctamente.
2025-03-27 16:59:47,098 - INFO - Reporte de inventario generado correctamente.
2025-03-27 16:59:47,101 - INFO - Reporte de inventario generado correctamente.
2025-03-27 16:59:47,104 - INFO - Reporte de inventario generado correctamente.
2025-03-27 16:59:47,106 - INFO - Reporte de inventario generado correctamente.
2025-03-27 16:59:47,108 - INFO - Reporte de inventario generado correctamente.
2025-03-27 16:59:47,110 - INFO - Reporte de inventario generado correctamente.
2025-03-27 16:59:47,113 - INFO - Reporte de inventario generado correctamente.
2025-03-27 16:59:47,116 - INFO - Reporte de inventario generado correctamente.
2025-03-27 16:59:47,119 - INFO - Reporte de inventario generado correctamente.
2025-03-27 16:59:47,121 - INFO - Reporte de inventario generado correctamente.
2025-03-27 16:59:47,123 - INFO - Reporte de inventario generado correctamente.
2025-03-27 16:59:47,125 - INFO - Reporte de inventario generado correctamente.
2025-03-27 16:59:47,127 - INFO - Reporte de inventario generado correctamente.
2025-03-27 16:59:47,129 - INFO - Reporte de inventario generado correctamente.
2025-03-27 16:59:47,131 - INFO - Reporte de inventario generado correctamente.
2025-03-27 16:59:47,134 - INFO - Reporte de inventario generado correctamente.
2025-03-27 16:59:47,136 - INFO - Reporte de inventario generado correctamente.
2025-03-27 16:59:47,138 - INFO - Reporte de inventario generado correctamente.
2025-03-27 16:59:47,140 - INFO - Reporte de inventario generado correctamente.
2025-03-27 16:59:47,142 - INFO - Reporte de inventario generado correctamente.
2025-03-27 16:59:47,144 - INFO - Reporte de inventario generado correctamente.
2025-03-27 16:59:47,147 - INFO - Reporte de inventario generado correctamente.
2025-03-27 16:59:47,149 - INFO - Reporte de inventario generado correctamente.
2025-03-27 16:59:47,152 - INFO - Reporte de inventario generado correctamente.
2025-03-27 16:59:47,154 - INFO - Reporte de inventario generado correctamente.
2025-03-27 16:59:47,156 - INFO - Reporte de inventario generado correctamente.
2025-03-27 16:59:47,158 - INFO - Reporte de inventario generado correctamente.
2025-03-27 16:59:47,160 - INFO - Reporte de inventario generado correctamente.
2025-03-27 16:59:47,162 - INFO - Reporte de inventario generado correctamente.
2025-03-27 16:59:47,165 - INFO - Reporte de inventario generado correctamente.
2025-03-27 16:59:47,168 - INFO - Reporte de inventario generado correctamente.
2025-03-27 16:59:47,170 - INFO - Reporte de inventario generado correctamente.
2025-03-27 16:59:47,172 - INFO - Reporte de inventario generado correctamente.
2025-03-27 16:59:47,174 - INFO - Reporte de inventario generado correctamente.
2025-03-27 16:59:47,177 - INFO - Reporte de inventario generado correctamente.
2025-03-27 16:59:47,179 - INFO - Reporte de inventario generado correctamente.
2025-03-27 16:59:47,182 - INFO - Reporte de inventario generado correctamente.
2025-03-27 16:59:47,184 - INFO - Reporte de inventario generado correctamente.
2025-03-27 16:59:47,187 - INFO - Reporte de inventario generado correctamente.
2025-03-27 16:59:47,189 - INFO - Reporte de inventario generado correctamente.
2025-03-27 16:59:47,191 - INFO - Reporte de inventario generado correctamente.
2025-03-27 16:59:47,193 - INFO - Reporte de inventario generado correctamente.
2025-03-27 16:59:47,195 - INFO - Reporte de inventario generado correctamente.
2025-03-27 16:59:47,198 - INFO - Reporte de inventario generado correctamente.
2025-03-27 16:59:47,201 - INFO - Reporte de inventario generado correctamente.
2025-03-27 16:59:47,203 - INFO - Reporte de inventario generado correctamente.
2025-03-27 16:59:47,205 - INFO - Reporte de inventario generado correctamente.
2025-03-27 16:59:47,207 - INFO - Reporte de inventario generado correctamente.
2025-03-27 16:59:47,210 - INFO - Reporte de inventario generado correctamente.
2025-03-27 16:59:47,212 - INFO - Reporte de inventario generado correctamente.
2025-03-27 16:59:47,214 - INFO - Reporte de inventario generado correctamente.
2025-03-27 16:59:47,217 - INFO - Reporte de inventario generado correctamente.
2025-03-27 16:59:47,220 - INFO - Reporte de inventario generado correctamente.
2025-03-27 16:59:47,221 - INFO - Reporte de inventario generado correctamente.
2025-03-27 16:59:47,223 - INFO - Reporte de inventario generado correctamente.
2025-03-27 16:59:47,226 - INFO - Reporte de inventario generado correctamente.
2025-03-27 16:59:47,228 - INFO - Reporte de inventario generado correctamente.
2025-03-27 16:59:47,230 - INFO - Reporte de inventario generado correctamente.
2025-03-27 16:59:47,233 - INFO - Reporte de inventario generado correctamente.
2025-03-27 16:59:47,235 - INFO - Reporte de inventario generado correctamente.
2025-03-27 16:59:47,237 - INFO - Reporte de inventario generado correctamente.
2025-03-27 16:59:47,239 - INFO - Reporte de inventario generado correctamente.
2025-03-27 16:59:47,242 - INFO - Reporte de inventario generado correctamente.
2025-03-27 16:59:47,244 - INFO - Reporte de inventario generado correctamente.
2025-03-27 16:59:47,246 - INFO - Reporte de inventario generado correctamente.
2025-03-27 16:59:47,249 - INFO - Reporte de inventario generado correctamente.
2025-03-27 16:59:47,251 - INFO - Reporte de inventario generado correctamente.
2025-03-27 16:59:47,253 - INFO - Reporte de inventario generado correctamente.
2025-03-27 16:59:47,259 - INFO - Reporte de inventario generado correctamente.
2025-03-27 16:59:47,261 - INFO - Reporte de inventario generado correctamente.
2025-03-27 16:59:47,264 - INFO - Reporte de inventario generado correctamente.
2025-03-27 16:59:47,267 - INFO - Reporte de inventario generado correctamente.
2025-03-27 16:59:47,269 - INFO - Reporte de inventario generado correctamente.
2025-03-27 16:59:47,271 - INFO - Reporte de inventario generado correctamente.
2025-03-27 16:59:47,273 - INFO - Reporte de inventario generado correctamente.
2025-03-27 16:59:47,276 - INFO - Reporte de inventario generado correctamente.
2025-03-27 16:59:47,278 - INFO - Reporte de inventario generado correctamente.
2025-03-27 16:59:47,280 - INFO - Reporte de inventario generado correctamente.
2025-03-27 16:59:47,283 - INFO - Reporte de inventario generado correctamente.
2025-03-27 16:59:47,285 - INFO - Reporte de inventario generado correctamente.
2025-03-27 16:59:47,287 - INFO - Reporte de inventario generado correctamente.
2025-03-27 16:59:47,289 - INFO - Reporte de inventario generado correctamente.
2025-03-27 16:59:47,291 - INFO - Reporte de inventario generado correctamente.
2025-03-27 16:59:47,293 - INFO - Reporte de inventario generado correctamente.
2025-03-27 16:59:47,296 - INFO - Reporte de inventario generado correctamente.
2025-03-27 16:59:47,298 - INFO - Reporte de inventario generado correctamente.
2025-03-27 16:59:47,301 - INFO - Reporte de inventario generado correctamente.
2025-03-27 16:59:47,303 - INFO - Reporte de inventario generado correctamente.
2025-03-27 16:59:47,305 - INFO - Reporte de inventario generado correctamente.
2025-03-27 16:59:47,307 - INFO - Reporte de inventario generado correctamente.
2025-03-27 16:59:47,310 - INFO - Reporte de inventario generado correctamente.
2025-03-27 16:59:47,312 - INFO - Reporte de inventario generado correctamente.
2025-03-27 16:59:47,314 - INFO - Reporte de inventario generado correctamente.
2025-03-27 16:59:47,317 - INFO - Reporte de inventario generado correctamente.
2025-03-27 16:59:47,319 - INFO - Reporte de inventario generado correctamente.
2025-03-27 16:59:47,321 - INFO - Reporte de inventario generado correctamente.
2025-03-27 16:59:47,323 - INFO - Reporte de inventario generado correctamente.
2025-03-27 16:59:47,326 - INFO - Reporte de inventario generado correctamente.
2025-03-27 16:59:47,328 - INFO - Reporte de inventario generado correctamente.
2025-03-27 16:59:47,330 - INFO - Reporte de inventario generado correctamente.
2025-03-27 16:59:47,332 - INFO - Reporte de inventario generado correctamente.
2025-03-27 16:59:47,335 - INFO - Reporte de inventario generado correctamente.
2025-03-27 16:59:47,337 - INFO - Reporte de inventario generado correctamente.
2025-03-27 16:59:47,339 - INFO - Reporte de inventario generado correctamente.
2025-03-27 16:59:47,341 - INFO - Reporte de inventario generado correctamente.
2025-03-27 16:59:47,344 - INFO - Reporte de inventario generado correctamente.
2025-03-27 16:59:47,346 - INFO - Reporte de inventario generado correctamente.
2025-03-27 16:59:47,350 - INFO - Reporte de inventario generado correctamente.
2025-03-27 16:59:47,353 - INFO - Reporte de inventario generado correctamente.
2025-03-27 16:59:47,356 - INFO - Reporte de inventario generado correctamente.
2025-03-27 16:59:47,358 - INFO - Reporte de inventario generado correctamente.
2025-03-27 16:59:47,360 - INFO - Reporte de inventario generado correctamente.
2025-03-27 16:59:47,363 - INFO - Reporte de inventario generado correctamente.
2025-03-27 16:59:47,365 - INFO - Reporte de inventario generado correctamente.
2025-03-27 16:59:47,368 - INFO - Reporte de inventario generado correctamente.
2025-03-27 16:59:47,371 - INFO - Reporte de inventario generado correctamente.
2025-03-27 16:59:47,373 - INFO - Reporte de inventario generado correctamente.
2025-03-27 16:59:47,375 - INFO - Reporte de inventario generado correctamente.
2025-03-27 16:59:47,377 - INFO - Reporte de inventario generado correctamente.
2025-03-27 16:59:47,380 - INFO - Reporte de inventario generado correctamente.
2025-03-27 16:59:47,383 - INFO - Reporte de inventario generado correctamente.
2025-03-27 16:59:47,386 - INFO - Reporte de inventario generado correctamente.
2025-03-27 16:59:47,388 - INFO - Reporte de inventario generado correctamente.
2025-03-27 16:59:47,390 - INFO - Reporte de inventario generado correctamente.
2025-03-27 16:59:47,392 - INFO - Reporte de inventario generado correctamente.
2025-03-27 16:59:47,395 - INFO - Reporte de inventario generado correctamente.
2025-03-27 16:59:47,397 - INFO - Reporte de inventario generado correctamente.
2025-03-27 16:59:47,400 - INFO - Reporte de inventario generado correctamente.
2025-03-27 16:59:47,403 - INFO - Reporte de inventario generado correctamente.
2025-03-27 16:59:47,405 - INFO - Reporte de inventario generado correctamente.
2025-03-27 16:59:47,407 - INFO - Reporte de inventario generado correctamente.
2025-03-27 16:59:47,409 - INFO - Reporte de inventario generado correctamente.
2025-03-27 16:59:47,411 - INFO - Reporte de inventario generado correctamente.
2025-03-27 16:59:47,414 - INFO - Reporte de inventario generado correctamente.
2025-03-27 16:59:47,417 - INFO - Reporte de inventario generado correctamente.
2025-03-27 16:59:47,419 - INFO - Reporte de inventario generado correctamente.
2025-03-27 16:59:47,421 - INFO - Reporte de inventario generado correctamente.
2025-03-27 16:59:47,424 - INFO - Reporte de inventario generado correctamente.
2025-03-27 16:59:47,428 - INFO - Reporte de inventario generado correctamente.
2025-03-27 16:59:47,431 - INFO - Reporte de inventario generado correctamente.
2025-03-27 16:59:47,434 - INFO - Reporte de inventario generado correctamente.
2025-03-27 16:59:47,436 - INFO - Reporte de inventario generado correctamente.
2025-03-27 16:59:47,441 - INFO - Reporte de inventario generado correctamente.
2025-03-27 16:59:47,444 - INFO - Reporte de inventario generado correctamente.
2025-03-27 16:59:47,446 - INFO - Reporte de inventario generado correctamente.
2025-03-27 16:59:47,451 - INFO - Reporte de inventario generado correctamente.
2025-03-27 16:59:47,453 - INFO - Reporte de inventario generado correctamente.
2025-03-27 16:59:47,455 - INFO - Reporte de inventario generado correctamente.
2025-03-27 16:59:47,458 - INFO - Reporte de inventario generado correctamente.
2025-03-27 16:59:47,460 - INFO - Reporte de inventario generado correctamente.
2025-03-27 16:59:47,462 - INFO - Reporte de inventario generado correctamente.
2025-03-27 16:59:47,465 - INFO - Reporte de inventario generado correctamente.
2025-03-27 16:59:47,468 - INFO - Reporte de inventario generado correctamente.
2025-03-27 16:59:47,470 - INFO - Reporte de inventario generado correctamente.
2025-03-27 16:59:47,472 - INFO - Reporte de inventario generado correctamente.
2025-03-27 16:59:47,475 - INFO - Reporte de inventario generado correctamente.
2025-03-27 16:59:47,479 - INFO - Reporte de inventario generado correctamente.
2025-03-27 16:59:47,487 - INFO - Reporte de inventario generado correctamente.
2025-03-27 16:59:47,491 - INFO - Reporte de inventario generado correctamente.
2025-03-27 16:59:47,494 - INFO - Reporte de inventario generado correctamente.
2025-03-27 16:59:47,502 - INFO - Reporte de inventario generado correctamente.
2025-03-27 16:59:47,505 - INFO - Reporte de inventario generado correctamente.
2025-03-27 16:59:47,508 - INFO - Reporte de inventario generado correctamente.
2025-03-27 16:59:47,512 - INFO - Reporte de inventario generado correctamente.
2025-03-27 16:59:47,515 - INFO - Reporte de inventario generado correctamente.
2025-03-27 16:59:47,518 - INFO - Reporte de inventario generado correctamente.
2025-03-27 16:59:47,520 - INFO - Reporte de inventario generado correctamente.
2025-03-27 16:59:47,524 - INFO - Reporte de inventario generado correctamente.
2025-03-27 16:59:47,527 - INFO - Reporte de inventario generado correctamente.
2025-03-27 16:59:47,530 - INFO - Reporte de inventario generado correctamente.
2025-03-27 16:59:47,534 - INFO - Reporte de inventario generado correctamente.
2025-03-27 16:59:47,536 - INFO - Reporte de inventario generado correctamente.
2025-03-27 16:59:47,539 - INFO - Reporte de inventario generado correctamente.
2025-03-27 16:59:47,542 - INFO - Reporte de inventario generado correctamente.
2025-03-27 16:59:47,544 - INFO - Reporte de inventario generado correctamente.
2025-03-27 16:59:47,547 - INFO - Reporte de inventario generado correctamente.
2025-03-27 16:59:47,551 - INFO - Reporte de inventario generado correctamente.
2025-03-27 16:59:47,554 - INFO - Reporte de inventario generado correctamente.
2025-03-27 16:59:47,557 - INFO - Reporte de inventario generado correctamente.
2025-03-27 16:59:47,559 - INFO - Reporte de inventario generado correctamente.
2025-03-27 16:59:47,562 - INFO - Reporte de inventario generado correctamente.
2025-03-27 16:59:47,565 - INFO - Reporte de inventario generado correctamente.
2025-03-27 16:59:47,569 - INFO - Reporte de inventario generado correctamente.
2025-03-27 16:59:47,572 - INFO - Reporte de inventario generado correctamente.
2025-03-27 16:59:47,574 - INFO - Reporte de inventario generado correctamente.
2025-03-27 16:59:47,576 - INFO - Reporte de inventario generado correctamente.
2025-03-27 16:59:47,579 - INFO - Reporte de inventario generado correctamente.
2025-03-27 16:59:47,582 - INFO - Reporte de inventario generado correctamente.
2025-03-27 16:59:47,585 - INFO - Reporte de inventario generado correctamente.
2025-03-27 16:59:47,587 - INFO - Reporte de inventario generado correctamente.
2025-03-27 16:59:47,590 - INFO - Reporte de inventario generado correctamente.
2025-03-27 16:59:47,591 - INFO - Reporte de inventario generado correctamente.
2025-03-27 16:59:47,593 - INFO - Reporte de inventario generado correctamente.
2025-03-27 16:59:47,596 - INFO - Reporte de inventario generado correctamente.
2025-03-27 16:59:47,601 - INFO - Reporte de inventario generado correctamente.
2025-03-27 16:59:47,603 - INFO - Reporte de inventario generado correctamente.
2025-03-27 16:59:47,606 - INFO - Reporte de inventario generado correctamente.
2025-03-27 16:59:47,608 - INFO - Reporte de inventario generado correctamente.
2025-03-27 16:59:47,610 - INFO - Reporte de inventario generado correctamente.
2025-03-27 16:59:47,613 - INFO - Reporte de inventario generado correctamente.
2025-03-27 16:59:47,617 - INFO - Reporte de inventario generado correctamente.
2025-03-27 16:59:47,619 - INFO - Reporte de inventario generado correctamente.
2025-03-27 16:59:47,621 - INFO - Reporte de inventario generado correctamente.
2025-03-27 16:59:47,624 - INFO - Reporte de inventario generado correctamente.
2025-03-27 16:59:47,626 - INFO - Reporte de inventario generado correctamente.
2025-03-27 16:59:47,630 - INFO - Reporte de inventario generado correctamente.
2025-03-27 16:59:47,634 - INFO - Reporte de inventario generado correctamente.
2025-03-27 16:59:47,637 - INFO - Reporte de inventario generado correctamente.
2025-03-27 16:59:47,640 - INFO - Reporte de inventario generado correctamente.
2025-03-27 16:59:47,642 - INFO - Reporte de inventario generado correctamente.
2025-03-27 16:59:47,644 - INFO - Reporte de inventario generado correctamente.
2025-03-27 16:59:47,648 - INFO - Reporte de inventario generado correctamente.
2025-03-27 16:59:47,651 - INFO - Reporte de inventario generado correctamente.
2025-03-27 16:59:47,654 - INFO - Reporte de inventario generado correctamente.
2025-03-27 16:59:47,656 - INFO - Reporte de inventario generado correctamente.
2025-03-27 16:59:47,658 - INFO - Reporte de inventario generado correctamente.
2025-03-27 16:59:47,661 - INFO - Reporte de inventario generado correctamente.
2025-03-27 16:59:47,664 - INFO - Reporte de inventario generado correctamente.
2025-03-27 16:59:47,667 - INFO - Reporte de inventario generado correctamente.
2025-03-27 16:59:47,669 - INFO - Reporte de inventario generado correctamente.
2025-03-27 16:59:47,671 - INFO - Reporte de inventario generado correctamente.
2025-03-27 16:59:47,673 - INFO - Reporte de inventario generado correctamente.
2025-03-27 16:59:47,675 - INFO - Reporte de inventario generado correctamente.
2025-03-27 16:59:47,678 - INFO - Reporte de inventario generado correctamente.
2025-03-27 16:59:47,681 - INFO - Reporte de inventario generado correctamente.
2025-03-27 16:59:47,684 - INFO - Reporte de inventario generado correctamente.
2025-03-27 16:59:47,687 - INFO - Reporte de inventario generado correctamente.
2025-03-27 16:59:47,689 - INFO - Reporte de inventario generado correctamente.
2025-03-27 16:59:47,691 - INFO - Reporte de inventario generado correctamente.
2025-03-27 16:59:47,693 - INFO - Reporte de inventario generado correctamente.
2025-03-27 16:59:47,696 - INFO - Reporte de inventario generado correctamente.
2025-03-27 16:59:47,699 - INFO - Reporte de inventario generado correctamente.
2025-03-27 16:59:47,702 - INFO - Reporte de inventario generado correctamente.
2025-03-27 16:59:47,704 - INFO - Reporte de inventario generado correctamente.
2025-03-27 16:59:47,707 - INFO - Reporte de inventario generado correctamente.
2025-03-27 16:59:47,710 - INFO - Reporte de inventario generado correctamente.
2025-03-27 16:59:47,713 - INFO - Reporte de inventario generado correctamente.
2025-03-27 16:59:47,717 - INFO - Reporte de inventario generado correctamente.
2025-03-27 16:59:47,720 - INFO - Reporte de inventario generado correctamente.
2025-03-27 16:59:47,722 - INFO - Reporte de inventario generado correctamente.
2025-03-27 16:59:47,725 - INFO - Reporte de inventario generado correctamente.
2025-03-27 16:59:47,727 - INFO - Reporte de inventario generado correctamente.
2025-03-27 16:59:47,730 - INFO - Reporte de inventario generado correctamente.
2025-03-27 16:59:47,734 - INFO - Reporte de inventario generado correctamente.
2025-03-27 16:59:47,736 - INFO - Reporte de inventario generado correctamente.
2025-03-27 16:59:47,738 - INFO - Reporte de inventario generado correctamente.
2025-03-27 16:59:47,742 - INFO - Reporte de inventario generado correctamente.
2025-03-27 16:59:47,744 - INFO - Reporte de inventario generado correctamente.
2025-03-27 16:59:47,747 - INFO - Reporte de inventario generado correctamente.
2025-03-27 16:59:47,750 - INFO - Reporte de inventario generado correctamente.
2025-03-27 16:59:47,752 - INFO - Reporte de inventario generado correctamente.
2025-03-27 16:59:47,754 - INFO - Reporte de inventario generado correctamente.
2025-03-27 16:59:47,756 - INFO - Reporte de inventario generado correctamente.
2025-03-27 16:59:47,759 - INFO - Reporte de inventario generado correctamente.
2025-03-27 16:59:47,761 - INFO - Reporte de inventario generado correctamente.
2025-03-27 16:59:47,764 - INFO - Reporte de inventario generado correctamente.
2025-03-27 16:59:47,768 - INFO - Reporte de inventario generado correctamente.
2025-03-27 16:59:47,770 - INFO - Reporte de inventario generado correctamente.
2025-03-27 16:59:47,772 - INFO - Reporte de inventario generado correctamente.
2025-03-27 16:59:47,774 - INFO - Reporte de inventario generado correctamente.
2025-03-27 16:59:47,777 - INFO - Reporte de inventario generado correctamente.
2025-03-27 16:59:47,779 - INFO - Reporte de inventario generado correctamente.
2025-03-27 16:59:47,782 - INFO - Reporte de inventario generado correctamente.
2025-03-27 16:59:47,785 - INFO - Reporte de inventario generado correctamente.
2025-03-27 16:59:47,787 - INFO - Reporte de inventario generado correctamente.
2025-03-27 16:59:47,789 - INFO - Reporte de inventario generado correctamente.
2025-03-27 16:59:47,791 - INFO - Reporte de inventario generado correctamente.
2025-03-27 16:59:47,793 - INFO - Reporte de inventario generado correctamente.
2025-03-27 16:59:47,795 - INFO - Reporte de inventario generado correctamente.
2025-03-27 16:59:47,797 - INFO - Reporte de inventario generado correctamente.
2025-03-27 16:59:47,800 - INFO - Reporte de inventario generado correctamente.
2025-03-27 16:59:47,802 - INFO - Reporte de inventario generado correctamente.
2025-03-27 16:59:47,804 - INFO - Reporte de inventario generado correctamente.
2025-03-27 16:59:47,806 - INFO - Reporte de inventario generado correctamente.
2025-03-27 16:59:47,808 - INFO - Reporte de inventario generado correctamente.
2025-03-27 16:59:47,815 - INFO - Reporte de inventario generado correctamente.
2025-03-27 16:59:47,817 - INFO - Reporte de inventario generado correctamente.
2025-03-27 16:59:47,819 - INFO - Reporte de inventario generado correctamente.
2025-03-27 16:59:47,821 - INFO - Reporte de inventario generado correctamente.
2025-03-27 16:59:47,822 - INFO - Reporte de inventario generado correctamente.
2025-03-27 16:59:47,824 - INFO - Reporte de inventario generado correctamente.
2025-03-27 16:59:47,826 - INFO - Reporte de inventario generado correctamente.
2025-03-27 16:59:47,828 - INFO - Reporte de inventario generado correctamente.
2025-03-27 16:59:47,830 - INFO - Reporte de inventario generado correctamente.
2025-03-27 16:59:47,833 - INFO - Reporte de inventario generado correctamente.
2025-03-27 16:59:47,835 - INFO - Reporte de inventario generado correctamente.
2025-03-27 16:59:47,837 - INFO - Reporte de inventario generado correctamente.
2025-03-27 16:59:47,839 - INFO - Reporte de inventario generado correctamente.
2025-03-27 16:59:47,841 - INFO - Reporte de inventario generado correctamente.
2025-03-27 16:59:47,843 - INFO - Reporte de inventario generado correctamente.
2025-03-27 16:59:47,844 - INFO - Reporte de inventario generado correctamente.
2025-03-27 16:59:47,847 - INFO - Reporte de inventario generado correctamente.
2025-03-27 16:59:47,850 - INFO - Reporte de inventario generado correctamente.
2025-03-27 16:59:47,852 - INFO - Reporte de inventario generado correctamente.
2025-03-27 16:59:47,854 - INFO - Reporte de inventario generado correctamente.
2025-03-27 16:59:47,855 - INFO - Reporte de inventario generado correctamente.
2025-03-27 16:59:47,857 - INFO - Reporte de inventario generado correctamente.
2025-03-27 16:59:47,859 - INFO - Reporte de inventario generado correctamente.
2025-03-27 16:59:47,861 - INFO - Reporte de inventario generado correctamente.
2025-03-27 16:59:47,864 - INFO - Reporte de inventario generado correctamente.
2025-03-27 16:59:47,867 - INFO - Reporte de inventario generado correctamente.
2025-03-27 16:59:47,869 - INFO - Reporte de inventario generado correctamente.
2025-03-27 16:59:47,871 - INFO - Reporte de inventario generado correctamente.
2025-03-27 16:59:47,873 - INFO - Reporte de inventario generado correctamente.
2025-03-27 16:59:47,875 - INFO - Reporte de inventario generado correctamente.
2025-03-27 16:59:47,877 - INFO - Reporte de inventario generado correctamente.
2025-03-27 16:59:47,879 - INFO - Reporte de inventario generado correctamente.
2025-03-27 16:59:47,882 - INFO - Reporte de inventario generado correctamente.
2025-03-27 16:59:47,884 - INFO - Reporte de inventario generado correctamente.
2025-03-27 16:59:47,886 - INFO - Reporte de inventario generado correctamente.
2025-03-27 16:59:47,888 - INFO - Reporte de inventario generado correctamente.
2025-03-27 16:59:47,890 - INFO - Reporte de inventario generado correctamente.
2025-03-27 16:59:47,892 - INFO - Reporte de inventario generado correctamente.
2025-03-27 16:59:47,893 - INFO - Reporte de inventario generado correctamente.
2025-03-27 16:59:47,896 - INFO - Reporte de inventario generado correctamente.
2025-03-27 16:59:47,899 - INFO - Reporte de inventario generado correctamente.
2025-03-27 16:59:47,901 - INFO - Reporte de inventario generado correctamente.
2025-03-27 16:59:47,903 - INFO - Reporte de inventario generado correctamente.
2025-03-27 16:59:47,905 - INFO - Reporte de inventario generado correctamente.
2025-03-27 16:59:47,907 - INFO - Reporte de inventario generado correctamente.
2025-03-27 16:59:47,908 - INFO - Reporte de inventario generado correctamente.
2025-03-27 16:59:47,910 - INFO - Reporte de inventario generado correctamente.
2025-03-27 16:59:47,913 - INFO - Reporte de inventario generado correctamente.
2025-03-27 16:59:47,918 - INFO - Reporte de inventario generado correctamente.
2025-03-27 16:59:47,920 - INFO - Reporte de inventario generado correctamente.
2025-03-27 16:59:47,922 - INFO - Reporte de inventario generado correctamente.
2025-03-27 16:59:47,923 - INFO - Reporte de inventario generado correctamente.
2025-03-27 16:59:47,925 - INFO - Reporte de inventario generado correctamente.
2025-03-27 16:59:47,927 - INFO - Reporte de inventario generado correctamente.
2025-03-27 16:59:47,930 - INFO - Reporte de inventario generado correctamente.
2025-03-27 16:59:47,933 - INFO - Reporte de inventario generado correctamente.
2025-03-27 16:59:47,935 - INFO - Reporte de inventario generado correctamente.
2025-03-27 16:59:47,936 - INFO - Reporte de inventario generado correctamente.
2025-03-27 16:59:47,938 - INFO - Reporte de inventario generado correctamente.
2025-03-27 16:59:47,940 - INFO - Reporte de inventario generado correctamente.
2025-03-27 16:59:47,942 - INFO - Reporte de inventario generado correctamente.
2025-03-27 16:59:47,944 - INFO - Reporte de inventario generado correctamente.
2025-03-27 16:59:47,946 - INFO - Reporte de inventario generado correctamente.
2025-03-27 16:59:47,949 - INFO - Reporte de inventario generado correctamente.
2025-03-27 16:59:47,951 - INFO - Reporte de inventario generado correctamente.
2025-03-27 16:59:47,953 - INFO - Reporte de inventario generado correctamente.
2025-03-27 16:59:47,954 - INFO - Reporte de inventario generado correctamente.
2025-03-27 16:59:47,956 - INFO - Reporte de inventario generado correctamente.
2025-03-27 16:59:47,958 - INFO - Reporte de inventario generado correctamente.
2025-03-27 16:59:47,960 - INFO - Reporte de inventario generado correctamente.
2025-03-27 16:59:47,962 - INFO - Reporte de inventario generado correctamente.
2025-03-27 16:59:47,965 - INFO - Reporte de inventario generado correctamente.
2025-03-27 16:59:47,967 - INFO - Reporte de inventario generado correctamente.
2025-03-27 16:59:47,969 - INFO - Reporte de inventario generado correctamente.
2025-03-27 16:59:47,971 - INFO - Reporte de inventario generado correctamente.
2025-03-27 16:59:47,973 - INFO - Reporte de inventario generado correctamente.
2025-03-27 16:59:47,975 - INFO - Reporte de inventario generado correctamente.
2025-03-27 16:59:47,976 - INFO - Reporte de inventario generado correctamente.
2025-03-27 16:59:47,979 - INFO - Reporte de inventario generado correctamente.
2025-03-27 16:59:47,982 - INFO - Reporte de inventario generado correctamente.
2025-03-27 16:59:47,984 - INFO - Reporte de inventario generado correctamente.
2025-03-27 16:59:47,986 - INFO - Reporte de inventario generado correctamente.
2025-03-27 16:59:47,987 - INFO - Reporte de inventario generado correctamente.
2025-03-27 16:59:47,990 - INFO - Reporte de inventario generado correctamente.
2025-03-27 16:59:47,991 - INFO - Reporte de inventario generado correctamente.
2025-03-27 16:59:47,993 - INFO - Reporte de inventario generado correctamente.
2025-03-27 16:59:47,996 - INFO - Reporte de inventario generado correctamente.
2025-03-27 16:59:47,998 - INFO - Reporte de inventario generado correctamente.
2025-03-27 16:59:48,000 - INFO - Reporte de inventario generado correctamente.
2025-03-27 16:59:48,002 - INFO - Reporte de inventario generado correctamente.
2025-03-27 16:59:48,004 - INFO - Reporte de inventario generado correctamente.
2025-03-27 16:59:48,006 - INFO - Reporte de inventario generado correctamente.
2025-03-27 16:59:48,008 - INFO - Reporte de inventario generado correctamente.
2025-03-27 16:59:48,010 - INFO - Reporte de inventario generado correctamente.
2025-03-27 16:59:48,012 - INFO - Reporte de inventario generado correctamente.
2025-03-27 16:59:48,014 - INFO - Reporte de inventario generado correctamente.
2025-03-27 16:59:48,017 - INFO - Reporte de inventario generado correctamente.
2025-03-27 16:59:48,019 - INFO - Reporte de inventario generado correctamente.
2025-03-27 16:59:48,021 - INFO - Reporte de inventario generado correctamente.
2025-03-27 16:59:48,023 - INFO - Reporte de inventario generado correctamente.
2025-03-27 16:59:48,025 - INFO - Reporte de inventario generado correctamente.
2025-03-27 16:59:48,027 - INFO - Reporte de inventario generado correctamente.
2025-03-27 16:59:48,029 - INFO - Reporte de inventario generado correctamente.
2025-03-27 16:59:48,032 - INFO - Reporte de inventario generado correctamente.
2025-03-27 16:59:48,034 - INFO - Reporte de inventario generado correctamente.
2025-03-27 16:59:48,037 - INFO - Reporte de inventario generado correctamente.
2025-03-27 16:59:48,039 - INFO - Reporte de inventario generado correctamente.
2025-03-27 16:59:48,040 - INFO - Reporte de inventario generado correctamente.
2025-03-27 16:59:48,042 - INFO - Reporte de inventario generado correctamente.
2025-03-27 16:59:48,045 - INFO - Reporte de inventario generado correctamente.
2025-03-27 16:59:48,047 - INFO - Reporte de inventario generado correctamente.
2025-03-27 16:59:48,050 - INFO - Reporte de inventario generado correctamente.
2025-03-27 16:59:48,052 - INFO - Reporte de inventario generado correctamente.
2025-03-27 16:59:48,055 - INFO - Reporte de inventario generado correctamente.
2025-03-27 16:59:48,057 - INFO - Reporte de inventario generado correctamente.
2025-03-27 16:59:48,060 - INFO - Reporte de inventario generado correctamente.
2025-03-27 16:59:48,061 - INFO - Reporte de inventario generado correctamente.
2025-03-27 16:59:48,064 - INFO - Reporte de inventario generado correctamente.
2025-03-27 16:59:48,069 - INFO - Reporte de inventario generado correctamente.
2025-03-27 16:59:48,071 - INFO - Reporte de inventario generado correctamente.
2025-03-27 16:59:48,073 - INFO - Reporte de inventario generado correctamente.
2025-03-27 16:59:48,075 - INFO - Reporte de inventario generado correctamente.
2025-03-27 16:59:48,077 - INFO - Reporte de inventario generado correctamente.
2025-03-27 16:59:48,080 - INFO - Reporte de inventario generado correctamente.
2025-03-27 16:59:48,082 - INFO - Reporte de inventario generado correctamente.
2025-03-27 16:59:48,084 - INFO - Reporte de inventario generado correctamente.
2025-03-27 16:59:48,087 - INFO - Reporte de inventario generado correctamente.
2025-03-27 16:59:48,089 - INFO - Reporte de inventario generado correctamente.
2025-03-27 16:59:48,091 - INFO - Reporte de inventario generado correctamente.
2025-03-27 16:59:48,093 - INFO - Reporte de inventario generado correctamente.
2025-03-27 16:59:48,096 - INFO - Reporte de inventario generado correctamente.
2025-03-27 16:59:48,100 - INFO - Reporte de inventario generado correctamente.
2025-03-27 16:59:48,103 - INFO - Reporte de inventario generado correctamente.
2025-03-27 16:59:48,105 - INFO - Reporte de inventario generado correctamente.
2025-03-27 16:59:48,107 - INFO - Reporte de inventario generado correctamente.
2025-03-27 16:59:48,109 - INFO - Reporte de inventario generado correctamente.
2025-03-27 16:59:48,111 - INFO - Reporte de inventario generado correctamente.
2025-03-27 16:59:48,114 - INFO - Reporte de inventario generado correctamente.
2025-03-27 16:59:48,117 - INFO - Reporte de inventario generado correctamente.
2025-03-27 16:59:48,120 - INFO - Reporte de inventario generado correctamente.
2025-03-27 16:59:48,122 - INFO - Reporte de inventario generado correctamente.
2025-03-27 16:59:48,124 - INFO - Reporte de inventario generado correctamente.
2025-03-27 16:59:48,126 - INFO - Reporte de inventario generado correctamente.
2025-03-27 16:59:48,128 - INFO - Reporte de inventario generado correctamente.
2025-03-27 16:59:48,131 - INFO - Reporte de inventario generado correctamente.
2025-03-27 16:59:48,134 - INFO - Reporte de inventario generado correctamente.
2025-03-27 16:59:48,136 - INFO - Reporte de inventario generado correctamente.
2025-03-27 16:59:48,138 - INFO - Reporte de inventario generado correctamente.
2025-03-27 16:59:48,140 - INFO - Reporte de inventario generado correctamente.
2025-03-27 16:59:48,142 - INFO - Reporte de inventario generado correctamente.
2025-03-27 16:59:48,144 - INFO - Reporte de inventario generado correctamente.
2025-03-27 16:59:48,146 - INFO - Reporte de inventario generado correctamente.
2025-03-27 16:59:48,148 - INFO - Reporte de inventario generado correctamente.
2025-03-27 16:59:48,151 - INFO - Reporte de inventario generado correctamente.
2025-03-27 16:59:48,152 - INFO - Reporte de inventario generado correctamente.
2025-03-27 16:59:48,154 - INFO - Reporte de inventario generado correctamente.
2025-03-27 16:59:48,156 - INFO - Reporte de inventario generado correctamente.
2025-03-27 16:59:48,158 - INFO - Reporte de inventario generado correctamente.
2025-03-27 16:59:48,160 - INFO - Reporte de inventario generado correctamente.
2025-03-27 16:59:48,162 - INFO - Reporte de inventario generado correctamente.
2025-03-27 16:59:48,165 - INFO - Reporte de inventario generado correctamente.
2025-03-27 16:59:48,168 - INFO - Reporte de inventario generado correctamente.
2025-03-27 16:59:48,169 - INFO - Reporte de inventario generado correctamente.
2025-03-27 16:59:48,171 - INFO - Reporte de inventario generado correctamente.
2025-03-27 16:59:48,173 - INFO - Reporte de inventario generado correctamente.
2025-03-27 16:59:48,175 - INFO - Reporte de inventario generado correctamente.
2025-03-27 16:59:48,177 - INFO - Reporte de inventario generado correctamente.
2025-03-27 16:59:48,179 - INFO - Reporte de inventario generado correctamente.
2025-03-27 16:59:48,182 - INFO - Reporte de inventario generado correctamente.
2025-03-27 16:59:48,184 - INFO - Reporte de inventario generado correctamente.
2025-03-27 16:59:48,186 - INFO - Reporte de inventario generado correctamente.
2025-03-27 16:59:48,187 - INFO - Reporte de inventario generado correctamente.
2025-03-27 16:59:48,189 - INFO - Reporte de inventario generado correctamente.
2025-03-27 16:59:48,191 - INFO - Reporte de inventario generado correctamente.
2025-03-27 16:59:48,193 - INFO - Reporte de inventario generado correctamente.
2025-03-27 16:59:48,195 - INFO - Reporte de inventario generado correctamente.
2025-03-27 16:59:48,198 - INFO - Reporte de inventario generado correctamente.
2025-03-27 16:59:48,200 - INFO - Reporte de inventario generado correctamente.
2025-03-27 16:59:48,202 - INFO - Reporte de inventario generado correctamente.
2025-03-27 16:59:48,204 - INFO - Reporte de inventario generado correctamente.
2025-03-27 16:59:48,206 - INFO - Reporte de inventario generado correctamente.
2025-03-27 16:59:48,208 - INFO - Reporte de inventario generado correctamente.
2025-03-27 16:59:48,210 - INFO - Reporte de inventario generado correctamente.
2025-03-27 16:59:48,212 - INFO - Reporte de inventario generado correctamente.
2025-03-27 16:59:48,215 - INFO - Reporte de inventario generado correctamente.
2025-03-27 16:59:48,217 - INFO - Reporte de inventario generado correctamente.
2025-03-27 16:59:48,219 - INFO - Reporte de inventario generado correctamente.
2025-03-27 16:59:48,221 - INFO - Reporte de inventario generado correctamente.
2025-03-27 16:59:48,223 - INFO - Reporte de inventario generado correctamente.
2025-03-27 16:59:48,225 - INFO - Reporte de inventario generado correctamente.
2025-03-27 16:59:48,227 - INFO - Reporte de inventario generado correctamente.
2025-03-27 16:59:48,229 - INFO - Reporte de inventario generado correctamente.
2025-03-27 16:59:48,232 - INFO - Reporte de inventario generado correctamente.
2025-03-27 16:59:48,234 - INFO - Reporte de inventario generado correctamente.
2025-03-27 16:59:48,236 - INFO - Reporte de inventario generado correctamente.
2025-03-27 16:59:48,238 - INFO - Reporte de inventario generado correctamente.
2025-03-27 16:59:48,240 - INFO - Reporte de inventario generado correctamente.
2025-03-27 16:59:48,241 - INFO - Reporte de inventario generado correctamente.
2025-03-27 16:59:48,243 - INFO - Reporte de inventario generado correctamente.
2025-03-27 16:59:48,245 - INFO - Reporte de inventario generado correctamente.
2025-03-27 16:59:48,248 - INFO - Reporte de inventario generado correctamente.
2025-03-27 16:59:48,250 - INFO - Reporte de inventario generado correctamente.
2025-03-27 16:59:48,252 - INFO - Reporte de inventario generado correctamente.
2025-03-27 16:59:48,253 - INFO - Reporte de inventario generado correctamente.
2025-03-27 16:59:48,255 - INFO - Reporte de inventario generado correctamente.
2025-03-27 16:59:48,257 - INFO - Reporte de inventario generado correctamente.
2025-03-27 16:59:48,259 - INFO - Reporte de inventario generado correctamente.
2025-03-27 16:59:48,261 - INFO - Reporte de inventario generado correctamente.
2025-03-27 16:59:48,263 - INFO - Reporte de inventario generado correctamente.
2025-03-27 16:59:48,265 - INFO - Reporte de inventario generado correctamente.
2025-03-27 16:59:48,268 - INFO - Reporte de inventario generado correctamente.
2025-03-27 16:59:48,270 - INFO - Reporte de inventario generado correctamente.
2025-03-27 16:59:48,271 - INFO - Reporte de inventario generado correctamente.
2025-03-27 16:59:48,274 - INFO - Reporte de inventario generado correctamente.
2025-03-27 16:59:48,276 - INFO - Reporte de inventario generado correctamente.
2025-03-27 16:59:48,279 - INFO - Reporte de inventario generado correctamente.
2025-03-27 16:59:48,281 - INFO - Reporte de inventario generado correctamente.
2025-03-27 16:59:48,284 - INFO - Reporte de inventario generado correctamente.
2025-03-27 16:59:48,286 - INFO - Reporte de inventario generado correctamente.
2025-03-27 16:59:48,288 - INFO - Reporte de inventario generado correctamente.
2025-03-27 16:59:48,290 - INFO - Reporte de inventario generado correctamente.
2025-03-27 16:59:48,292 - INFO - Reporte de inventario generado correctamente.
2025-03-27 16:59:48,294 - INFO - Reporte de inventario generado correctamente.
2025-03-27 16:59:48,297 - INFO - Reporte de inventario generado correctamente.
2025-03-27 16:59:48,300 - INFO - Reporte de inventario generado correctamente.
2025-03-27 16:59:48,302 - INFO - Reporte de inventario generado correctamente.
2025-03-27 16:59:48,303 - INFO - Reporte de inventario generado correctamente.
2025-03-27 16:59:48,305 - INFO - Reporte de inventario generado correctamente.
2025-03-27 16:59:48,307 - INFO - Reporte de inventario generado correctamente.
2025-03-27 16:59:48,308 - INFO - Reporte de inventario generado correctamente.
2025-03-27 16:59:48,310 - INFO - Reporte de inventario generado correctamente.
2025-03-27 16:59:48,313 - INFO - Reporte de inventario generado correctamente.
2025-03-27 16:59:48,315 - INFO - Reporte de inventario generado correctamente.
2025-03-27 16:59:48,317 - INFO - Reporte de inventario generado correctamente.
2025-03-27 16:59:48,319 - INFO - Reporte de inventario generado correctamente.
2025-03-27 16:59:48,321 - INFO - Reporte de inventario generado correctamente.
2025-03-27 16:59:48,322 - INFO - Reporte de inventario generado correctamente.
2025-03-27 16:59:48,324 - INFO - Reporte de inventario generado correctamente.
2025-03-27 16:59:48,326 - INFO - Reporte de inventario generado correctamente.
2025-03-27 16:59:48,328 - INFO - Reporte de inventario generado correctamente.
2025-03-27 16:59:48,331 - INFO - Reporte de inventario generado correctamente.
2025-03-27 16:59:48,333 - INFO - Reporte de inventario generado correctamente.
2025-03-27 16:59:48,335 - INFO - Reporte de inventario generado correctamente.
2025-03-27 16:59:48,337 - INFO - Reporte de inventario generado correctamente.
2025-03-27 16:59:48,339 - INFO - Reporte de inventario generado correctamente.
2025-03-27 16:59:48,340 - INFO - Reporte de inventario generado correctamente.
2025-03-27 16:59:48,342 - INFO - Reporte de inventario generado correctamente.
2025-03-27 16:59:48,344 - INFO - Reporte de inventario generado correctamente.
2025-03-27 16:59:48,346 - INFO - Reporte de inventario generado correctamente.
2025-03-27 16:59:48,349 - INFO - Reporte de inventario generado correctamente.
2025-03-27 16:59:48,351 - INFO - Reporte de inventario generado correctamente.
2025-03-27 16:59:48,353 - INFO - Reporte de inventario generado correctamente.
2025-03-27 16:59:48,355 - INFO - Reporte de inventario generado correctamente.
2025-03-27 16:59:48,356 - INFO - Reporte de inventario generado correctamente.
2025-03-27 16:59:48,358 - INFO - Reporte de inventario generado correctamente.
2025-03-27 16:59:48,360 - INFO - Reporte de inventario generado correctamente.
2025-03-27 16:59:48,363 - INFO - Reporte de inventario generado correctamente.
2025-03-27 16:59:48,366 - INFO - Reporte de inventario generado correctamente.
2025-03-27 16:59:48,368 - INFO - Reporte de inventario generado correctamente.
2025-03-27 16:59:48,370 - INFO - Reporte de inventario generado correctamente.
2025-03-27 16:59:48,371 - INFO - Reporte de inventario generado correctamente.
2025-03-27 16:59:48,373 - INFO - Reporte de inventario generado correctamente.
2025-03-27 16:59:48,375 - INFO - Reporte de inventario generado correctamente.
2025-03-27 16:59:48,377 - INFO - Reporte de inventario generado correctamente.
2025-03-27 16:59:48,380 - INFO - Reporte de inventario generado correctamente.
2025-03-27 16:59:48,382 - INFO - Reporte de inventario generado correctamente.
2025-03-27 16:59:48,385 - INFO - Reporte de inventario generado correctamente.
2025-03-27 16:59:48,387 - INFO - Reporte de inventario generado correctamente.
2025-03-27 16:59:48,388 - INFO - Reporte de inventario generado correctamente.
2025-03-27 16:59:48,390 - INFO - Reporte de inventario generado correctamente.
2025-03-27 16:59:48,392 - INFO - Reporte de inventario generado correctamente.
2025-03-27 16:59:48,394 - INFO - Reporte de inventario generado correctamente.
2025-03-27 16:59:48,397 - INFO - Reporte de inventario generado correctamente.
2025-03-27 16:59:48,399 - INFO - Reporte de inventario generado correctamente.
2025-03-27 16:59:48,401 - INFO - Reporte de inventario generado correctamente.
2025-03-27 16:59:48,403 - INFO - Reporte de inventario generado correctamente.
2025-03-27 16:59:48,405 - INFO - Reporte de inventario generado correctamente.
2025-03-27 16:59:48,408 - INFO - Reporte de inventario generado correctamente.
2025-03-27 16:59:48,410 - INFO - Reporte de inventario generado correctamente.
2025-03-27 16:59:48,412 - INFO - Reporte de inventario generado correctamente.
2025-03-27 16:59:48,415 - INFO - Reporte de inventario generado correctamente.
2025-03-27 16:59:48,418 - INFO - Reporte de inventario generado correctamente.
2025-03-27 16:59:48,420 - INFO - Reporte de inventario generado correctamente.
2025-03-27 16:59:48,421 - INFO - Reporte de inventario generado correctamente.
2025-03-27 16:59:48,423 - INFO - Reporte de inventario generado correctamente.
2025-03-27 16:59:48,426 - INFO - Reporte de inventario generado correctamente.
2025-03-27 16:59:48,428 - INFO - Reporte de inventario generado correctamente.
2025-03-27 16:59:48,431 - INFO - Reporte de inventario generado correctamente.
2025-03-27 16:59:48,434 - INFO - Reporte de inventario generado correctamente.
2025-03-27 16:59:48,436 - INFO - Reporte de inventario generado correctamente.
2025-03-27 16:59:48,438 - INFO - Reporte de inventario generado correctamente.
2025-03-27 16:59:48,440 - INFO - Reporte de inventario generado correctamente.
2025-03-27 16:59:48,442 - INFO - Reporte de inventario generado correctamente.
2025-03-27 16:59:48,444 - INFO - Reporte de inventario generado correctamente.
2025-03-27 16:59:48,447 - INFO - Reporte de inventario generado correctamente.
2025-03-27 16:59:48,449 - INFO - Reporte de inventario generado correctamente.
2025-03-27 16:59:48,452 - INFO - Reporte de inventario generado correctamente.
2025-03-27 16:59:48,454 - INFO - Reporte de inventario generado correctamente.
2025-03-27 16:59:48,455 - INFO - Reporte de inventario generado correctamente.
2025-03-27 16:59:48,458 - INFO - Reporte de inventario generado correctamente.
2025-03-27 16:59:48,460 - INFO - Reporte de inventario generado correctamente.
2025-03-27 16:59:48,462 - INFO - Reporte de inventario generado correctamente.
2025-03-27 16:59:48,465 - INFO - Reporte de inventario generado correctamente.
2025-03-27 16:59:48,467 - INFO - Reporte de inventario generado correctamente.
2025-03-27 16:59:48,469 - INFO - Reporte de inventario generado correctamente.
2025-03-27 16:59:48,471 - INFO - Reporte de inventario generado correctamente.
2025-03-27 16:59:48,474 - INFO - Reporte de inventario generado correctamente.
2025-03-27 16:59:48,476 - INFO - Reporte de inventario generado correctamente.
2025-03-27 16:59:48,478 - INFO - Reporte de inventario generado correctamente.
2025-03-27 16:59:48,481 - INFO - Reporte de inventario generado correctamente.
2025-03-27 16:59:48,484 - INFO - Reporte de inventario generado correctamente.
2025-03-27 16:59:48,486 - INFO - Reporte de inventario generado correctamente.
2025-03-27 16:59:48,489 - INFO - Reporte de inventario generado correctamente.
2025-03-27 16:59:48,491 - INFO - Reporte de inventario generado correctamente.
2025-03-27 16:59:48,492 - INFO - Reporte de inventario generado correctamente.
2025-03-27 16:59:48,494 - INFO - Reporte de inventario generado correctamente.
2025-03-27 16:59:48,497 - INFO - Reporte de inventario generado correctamente.
2025-03-27 16:59:48,499 - INFO - Reporte de inventario generado correctamente.
2025-03-27 16:59:48,502 - INFO - Reporte de inventario generado correctamente.
2025-03-27 16:59:48,504 - INFO - Reporte de inventario generado correctamente.
2025-03-27 16:59:48,507 - INFO - Reporte de inventario generado correctamente.
2025-03-27 16:59:48,509 - INFO - Reporte de inventario generado correctamente.
2025-03-27 16:59:48,512 - INFO - Reporte de inventario generado correctamente.
2025-03-27 16:59:48,514 - INFO - Reporte de inventario generado correctamente.
2025-03-27 16:59:48,517 - INFO - Reporte de inventario generado correctamente.
2025-03-27 16:59:48,521 - INFO - Reporte de inventario generado correctamente.
2025-03-27 16:59:48,524 - INFO - Reporte de inventario generado correctamente.
2025-03-27 16:59:48,526 - INFO - Reporte de inventario generado correctamente.
2025-03-27 16:59:48,529 - INFO - Reporte de inventario generado correctamente.
2025-03-27 16:59:48,532 - INFO - Reporte de inventario generado correctamente.
2025-03-27 16:59:48,534 - INFO - Reporte de inventario generado correctamente.
2025-03-27 16:59:48,536 - INFO - Reporte de inventario generado correctamente.
2025-03-27 16:59:48,539 - INFO - Reporte de inventario generado correctamente.
2025-03-27 16:59:48,540 - INFO - Reporte de inventario generado correctamente.
2025-03-27 16:59:48,542 - INFO - Reporte de inventario generado correctamente.
2025-03-27 16:59:48,544 - INFO - Reporte de inventario generado correctamente.
2025-03-27 16:59:48,548 - INFO - Reporte de inventario generado correctamente.
2025-03-27 16:59:48,550 - INFO - Reporte de inventario generado correctamente.
2025-03-27 16:59:48,552 - INFO - Reporte de inventario generado correctamente.
2025-03-27 16:59:48,555 - INFO - Reporte de inventario generado correctamente.
2025-03-27 16:59:48,557 - INFO - Reporte de inventario generado correctamente.
2025-03-27 16:59:48,559 - INFO - Reporte de inventario generado correctamente.
2025-03-27 16:59:48,561 - INFO - Reporte de inventario generado correctamente.
2025-03-27 16:59:48,564 - INFO - Reporte de inventario generado correctamente.
2025-03-27 16:59:48,567 - INFO - Reporte de inventario generado correctamente.
2025-03-27 16:59:48,569 - INFO - Reporte de inventario generado correctamente.
2025-03-27 16:59:48,572 - INFO - Reporte de inventario generado correctamente.
2025-03-27 16:59:48,574 - INFO - Reporte de inventario generado correctamente.
2025-03-27 16:59:48,576 - INFO - Reporte de inventario generado correctamente.
2025-03-27 16:59:48,579 - INFO - Reporte de inventario generado correctamente.
2025-03-27 16:59:48,584 - INFO - Reporte de inventario generado correctamente.
2025-03-27 16:59:48,586 - INFO - Reporte de inventario generado correctamente.
2025-03-27 16:59:48,589 - INFO - Reporte de inventario generado correctamente.
2025-03-27 16:59:48,591 - INFO - Reporte de inventario generado correctamente.
2025-03-27 16:59:48,594 - INFO - Reporte de inventario generado correctamente.
2025-03-27 16:59:48,597 - INFO - Reporte de inventario generado correctamente.
2025-03-27 16:59:48,601 - INFO - Reporte de inventario generado correctamente.
2025-03-27 16:59:48,603 - INFO - Reporte de inventario generado correctamente.
2025-03-27 16:59:48,605 - INFO - Reporte de inventario generado correctamente.
2025-03-27 16:59:48,607 - INFO - Reporte de inventario generado correctamente.
2025-03-27 16:59:48,608 - INFO - Reporte de inventario generado correctamente.
2025-03-27 16:59:48,610 - INFO - Reporte de inventario generado correctamente.
2025-03-27 16:59:48,613 - INFO - Reporte de inventario generado correctamente.
2025-03-27 16:59:48,615 - INFO - Reporte de inventario generado correctamente.
2025-03-27 16:59:48,617 - INFO - Reporte de inventario generado correctamente.
2025-03-27 16:59:48,619 - INFO - Reporte de inventario generado correctamente.
2025-03-27 16:59:48,621 - INFO - Reporte de inventario generado correctamente.
2025-03-27 16:59:48,623 - INFO - Reporte de inventario generado correctamente.
2025-03-27 16:59:48,625 - INFO - Reporte de inventario generado correctamente.
2025-03-27 16:59:48,627 - INFO - Reporte de inventario generado correctamente.
2025-03-27 16:59:48,630 - INFO - Reporte de inventario generado correctamente.
2025-03-27 16:59:48,633 - INFO - Reporte de inventario generado correctamente.
2025-03-27 16:59:48,636 - INFO - Reporte de inventario generado correctamente.
2025-03-27 16:59:48,638 - INFO - Reporte de inventario generado correctamente.
2025-03-27 16:59:48,640 - INFO - Reporte de inventario generado correctamente.
2025-03-27 16:59:48,642 - INFO - Reporte de inventario generado correctamente.
2025-03-27 16:59:48,645 - INFO - Reporte de inventario generado correctamente.
2025-03-27 16:59:48,647 - INFO - Reporte de inventario generado correctamente.
2025-03-27 16:59:48,649 - INFO - Reporte de inventario generado correctamente.
2025-03-27 16:59:48,651 - INFO - Reporte de inventario generado correctamente.
2025-03-27 16:59:48,653 - INFO - Reporte de inventario generado correctamente.
2025-03-27 16:59:48,680 - INFO - Reporte de inventario generado correctamente.
2025-03-27 16:59:48,689 - INFO - Reporte de inventario generado correctamente.
2025-03-27 16:59:48,699 - INFO - Reporte de inventario generado correctamente.
2025-03-27 16:59:48,733 - INFO - Reporte de inventario generado correctamente.
2025-03-27 16:59:48,754 - INFO - Reporte de inventario generado correctamente.
2025-03-27 16:59:48,756 - INFO - Reporte de inventario generado correctamente.
2025-03-27 16:59:48,758 - INFO - Reporte de inventario generado correctamente.
2025-03-27 16:59:48,761 - INFO - Reporte de inventario generado correctamente.
2025-03-27 16:59:48,762 - INFO - Reporte de inventario generado correctamente.
2025-03-27 16:59:48,764 - INFO - Reporte de inventario generado correctamente.
2025-03-27 16:59:48,767 - INFO - Reporte de inventario generado correctamente.
2025-03-27 16:59:48,770 - INFO - Reporte de inventario generado correctamente.
2025-03-27 16:59:48,773 - INFO - Reporte de inventario generado correctamente.
2025-03-27 16:59:48,775 - INFO - Reporte de inventario generado correctamente.
2025-03-27 16:59:48,777 - INFO - Reporte de inventario generado correctamente.
2025-03-27 16:59:48,782 - INFO - Reporte de inventario generado correctamente.
2025-03-27 16:59:48,786 - INFO - Reporte de inventario generado correctamente.
2025-03-27 16:59:48,789 - INFO - Reporte de inventario generado correctamente.
2025-03-27 16:59:48,791 - INFO - Reporte de inventario generado correctamente.
2025-03-27 16:59:48,795 - INFO - Reporte de inventario generado correctamente.
2025-03-27 16:59:48,797 - INFO - Reporte de inventario generado correctamente.
2025-03-27 16:59:48,800 - INFO - Reporte de inventario generado correctamente.
2025-03-27 16:59:48,813 - INFO - Reporte de inventario generado correctamente.
2025-03-27 16:59:48,816 - INFO - Reporte de inventario generado correctamente.
2025-03-27 16:59:48,819 - INFO - Reporte de inventario generado correctamente.
2025-03-27 16:59:48,822 - INFO - Reporte de inventario generado correctamente.
2025-03-27 16:59:48,825 - INFO - Reporte de inventario generado correctamente.
2025-03-27 16:59:48,826 - INFO - Reporte de inventario generado correctamente.
2025-03-27 16:59:48,828 - INFO - Reporte de inventario generado correctamente.
2025-03-27 16:59:48,831 - INFO - Reporte de inventario generado correctamente.
2025-03-27 16:59:48,833 - INFO - Reporte de inventario generado correctamente.
2025-03-27 16:59:48,835 - INFO - Reporte de inventario generado correctamente.
2025-03-27 16:59:48,837 - INFO - Reporte de inventario generado correctamente.
2025-03-27 16:59:48,839 - INFO - Reporte de inventario generado correctamente.
2025-03-27 16:59:48,841 - INFO - Reporte de inventario generado correctamente.
2025-03-27 16:59:48,843 - INFO - Reporte de inventario generado correctamente.
2025-03-27 16:59:48,846 - INFO - Reporte de inventario generado correctamente.
2025-03-27 16:59:48,848 - INFO - Reporte de inventario generado correctamente.
2025-03-27 16:59:48,850 - INFO - Reporte de inventario generado correctamente.
2025-03-27 16:59:48,851 - INFO - Reporte de inventario generado correctamente.
2025-03-27 16:59:48,853 - INFO - Reporte de inventario generado correctamente.
2025-03-27 16:59:48,855 - INFO - Reporte de inventario generado correctamente.
2025-03-27 16:59:48,857 - INFO - Reporte de inventario generado correctamente.
2025-03-27 16:59:48,858 - INFO - Reporte de inventario generado correctamente.
2025-03-27 16:59:48,860 - INFO - Reporte de inventario generado correctamente.
2025-03-27 16:59:48,863 - INFO - Reporte de inventario generado correctamente.
2025-03-27 16:59:48,865 - INFO - Reporte de inventario generado correctamente.
2025-03-27 16:59:48,867 - INFO - Reporte de inventario generado correctamente.
2025-03-27 16:59:48,868 - INFO - Reporte de inventario generado correctamente.
2025-03-27 16:59:48,870 - INFO - Reporte de inventario generado correctamente.
2025-03-27 16:59:48,872 - INFO - Reporte de inventario generado correctamente.
2025-03-27 16:59:48,874 - INFO - Reporte de inventario generado correctamente.
2025-03-27 16:59:48,876 - INFO - Reporte de inventario generado correctamente.
2025-03-27 16:59:48,878 - INFO - Reporte de inventario generado correctamente.
2025-03-27 16:59:48,881 - INFO - Reporte de inventario generado correctamente.
2025-03-27 16:59:48,882 - INFO - Reporte de inventario generado correctamente.
2025-03-27 16:59:48,884 - INFO - Reporte de inventario generado correctamente.
2025-03-27 16:59:48,886 - INFO - Reporte de inventario generado correctamente.
2025-03-27 16:59:48,887 - INFO - Reporte de inventario generado correctamente.
2025-03-27 16:59:48,889 - INFO - Reporte de inventario generado correctamente.
2025-03-27 16:59:48,891 - INFO - Reporte de inventario generado correctamente.
2025-03-27 16:59:48,892 - INFO - Reporte de inventario generado correctamente.
2025-03-27 16:59:48,895 - INFO - Reporte de inventario generado correctamente.
2025-03-27 16:59:48,897 - INFO - Reporte de inventario generado correctamente.
2025-03-27 16:59:48,899 - INFO - Reporte de inventario generado correctamente.
2025-03-27 16:59:48,900 - INFO - Reporte de inventario generado correctamente.
2025-03-27 16:59:48,902 - INFO - Reporte de inventario generado correctamente.
2025-03-27 16:59:48,904 - INFO - Reporte de inventario generado correctamente.
2025-03-27 16:59:48,905 - INFO - Reporte de inventario generado correctamente.
2025-03-27 16:59:48,907 - INFO - Reporte de inventario generado correctamente.
2025-03-27 16:59:48,909 - INFO - Reporte de inventario generado correctamente.
2025-03-27 16:59:48,911 - INFO - Reporte de inventario generado correctamente.
2025-03-27 16:59:48,913 - INFO - Reporte de inventario generado correctamente.
2025-03-27 16:59:48,915 - INFO - Reporte de inventario generado correctamente.
2025-03-27 16:59:48,917 - INFO - Reporte de inventario generado correctamente.
2025-03-27 16:59:48,918 - INFO - Reporte de inventario generado correctamente.
2025-03-27 16:59:48,920 - INFO - Reporte de inventario generado correctamente.
2025-03-27 16:59:48,921 - INFO - Reporte de inventario generado correctamente.
2025-03-27 16:59:48,923 - INFO - Reporte de inventario generado correctamente.
2025-03-27 16:59:48,925 - INFO - Reporte de inventario generado correctamente.
2025-03-27 16:59:48,926 - INFO - Reporte de inventario generado correctamente.
2025-03-27 16:59:48,929 - INFO - Reporte de inventario generado correctamente.
2025-03-27 16:59:48,931 - INFO - Reporte de inventario generado correctamente.
2025-03-27 16:59:48,932 - INFO - Reporte de inventario generado correctamente.
2025-03-27 16:59:48,934 - INFO - Reporte de inventario generado correctamente.
2025-03-27 16:59:48,936 - INFO - Reporte de inventario generado correctamente.
2025-03-27 16:59:48,941 - INFO - Reporte de inventario generado correctamente.
2025-03-27 16:59:48,943 - INFO - Reporte de inventario generado correctamente.
2025-03-27 16:59:48,945 - INFO - Reporte de inventario generado correctamente.
2025-03-27 16:59:48,947 - INFO - Reporte de inventario generado correctamente.
2025-03-27 16:59:48,949 - INFO - Reporte de inventario generado correctamente.
2025-03-27 16:59:48,950 - INFO - Reporte de inventario generado correctamente.
2025-03-27 16:59:48,952 - INFO - Reporte de inventario generado correctamente.
2025-03-27 16:59:48,954 - INFO - Reporte de inventario generado correctamente.
2025-03-27 16:59:48,955 - INFO - Reporte de inventario generado correctamente.
2025-03-27 16:59:48,957 - INFO - Reporte de inventario generado correctamente.
2025-03-27 16:59:48,959 - INFO - Reporte de inventario generado correctamente.
2025-03-27 16:59:48,961 - INFO - Reporte de inventario generado correctamente.
2025-03-27 16:59:48,963 - INFO - Reporte de inventario generado correctamente.
2025-03-27 16:59:48,964 - INFO - Reporte de inventario generado correctamente.
2025-03-27 16:59:48,966 - INFO - Reporte de inventario generado correctamente.
2025-03-27 16:59:48,968 - INFO - Reporte de inventario generado correctamente.
2025-03-27 16:59:48,969 - INFO - Reporte de inventario generado correctamente.
2025-03-27 16:59:48,971 - INFO - Reporte de inventario generado correctamente.
2025-03-27 16:59:48,973 - INFO - Reporte de inventario generado correctamente.
2025-03-27 16:59:48,975 - INFO - Reporte de inventario generado correctamente.
2025-03-27 16:59:48,977 - INFO - Reporte de inventario generado correctamente.
2025-03-27 16:59:48,979 - INFO - Reporte de inventario generado correctamente.
2025-03-27 16:59:48,981 - INFO - Reporte de inventario generado correctamente.
2025-03-27 16:59:48,983 - INFO - Reporte de inventario generado correctamente.
2025-03-27 16:59:48,984 - INFO - Reporte de inventario generado correctamente.
2025-03-27 16:59:48,986 - INFO - Reporte de inventario generado correctamente.
2025-03-27 16:59:48,988 - INFO - Reporte de inventario generado correctamente.
2025-03-27 16:59:48,989 - INFO - Reporte de inventario generado correctamente.
2025-03-27 16:59:48,991 - INFO - Reporte de inventario generado correctamente.
2025-03-27 16:59:48,993 - INFO - Reporte de inventario generado correctamente.
2025-03-27 16:59:48,995 - INFO - Reporte de inventario generado correctamente.
2025-03-27 16:59:48,997 - INFO - Reporte de inventario generado correctamente.
2025-03-27 16:59:48,999 - INFO - Reporte de inventario generado correctamente.
2025-03-27 16:59:49,000 - INFO - Reporte de inventario generado correctamente.
2025-03-27 16:59:49,002 - INFO - Reporte de inventario generado correctamente.
2025-03-27 16:59:49,004 - INFO - Reporte de inventario generado correctamente.
2025-03-27 16:59:49,006 - INFO - Reporte de inventario generado correctamente.
2025-03-27 16:59:49,007 - INFO - Reporte de inventario generado correctamente.
2025-03-27 16:59:49,009 - INFO - Reporte de inventario generado correctamente.
2025-03-27 16:59:49,011 - INFO - Reporte de inventario generado correctamente.
2025-03-27 16:59:49,013 - INFO - Reporte de inventario generado correctamente.
2025-03-27 16:59:49,016 - INFO - Reporte de inventario generado correctamente.
2025-03-27 16:59:49,017 - INFO - Reporte de inventario generado correctamente.
2025-03-27 16:59:49,019 - INFO - Reporte de inventario generado correctamente.
2025-03-27 16:59:49,021 - INFO - Reporte de inventario generado correctamente.
2025-03-27 16:59:49,023 - INFO - Reporte de inventario generado correctamente.
2025-03-27 16:59:49,025 - INFO - Reporte de inventario generado correctamente.
2025-03-27 16:59:49,029 - INFO - Reporte de inventario generado correctamente.
2025-03-27 16:59:49,031 - INFO - Reporte de inventario generado correctamente.
2025-03-27 16:59:49,034 - INFO - Reporte de inventario generado correctamente.
2025-03-27 16:59:49,035 - INFO - Reporte de inventario generado correctamente.
2025-03-27 16:59:49,037 - INFO - Reporte de inventario generado correctamente.
2025-03-27 16:59:49,039 - INFO - Reporte de inventario generado correctamente.
2025-03-27 16:59:49,040 - INFO - Reporte de inventario generado correctamente.
2025-03-27 16:59:49,042 - INFO - Reporte de inventario generado correctamente.
2025-03-27 16:59:49,045 - INFO - Reporte de inventario generado correctamente.
2025-03-27 16:59:49,046 - INFO - Reporte de inventario generado correctamente.
2025-03-27 16:59:49,049 - INFO - Reporte de inventario generado correctamente.
2025-03-27 16:59:49,051 - INFO - Reporte de inventario generado correctamente.
2025-03-27 16:59:49,053 - INFO - Reporte de inventario generado correctamente.
2025-03-27 16:59:49,055 - INFO - Reporte de inventario generado correctamente.
2025-03-27 16:59:49,057 - INFO - Reporte de inventario generado correctamente.
2025-03-27 16:59:49,058 - INFO - Reporte de inventario generado correctamente.
2025-03-27 16:59:49,060 - INFO - Reporte de inventario generado correctamente.
2025-03-27 16:59:49,063 - INFO - Reporte de inventario generado correctamente.
2025-03-27 16:59:49,065 - INFO - Reporte de inventario generado correctamente.
2025-03-27 16:59:49,067 - INFO - Reporte de inventario generado correctamente.
2025-03-27 16:59:49,069 - INFO - Reporte de inventario generado correctamente.
2025-03-27 16:59:49,071 - INFO - Reporte de inventario generado correctamente.
2025-03-27 16:59:49,072 - INFO - Reporte de inventario generado correctamente.
2025-03-27 16:59:49,074 - INFO - Reporte de inventario generado correctamente.
2025-03-27 16:59:49,076 - INFO - Reporte de inventario generado correctamente.
2025-03-27 16:59:49,078 - INFO - Reporte de inventario generado correctamente.
2025-03-27 16:59:49,080 - INFO - Reporte de inventario generado correctamente.
2025-03-27 16:59:49,082 - INFO - Reporte de inventario generado correctamente.
2025-03-27 16:59:49,084 - INFO - Reporte de inventario generado correctamente.
2025-03-27 16:59:49,086 - INFO - Reporte de inventario generado correctamente.
2025-03-27 16:59:49,087 - INFO - Reporte de inventario generado correctamente.
2025-03-27 16:59:49,089 - INFO - Reporte de inventario generado correctamente.
2025-03-27 16:59:49,091 - INFO - Reporte de inventario generado correctamente.
2025-03-27 16:59:49,093 - INFO - Reporte de inventario generado correctamente.
2025-03-27 16:59:49,095 - INFO - Reporte de inventario generado correctamente.
2025-03-27 16:59:49,098 - INFO - Reporte de inventario generado correctamente.
2025-03-27 16:59:49,099 - INFO - Reporte de inventario generado correctamente.
2025-03-27 16:59:49,101 - INFO - Reporte de inventario generado correctamente.
2025-03-27 16:59:49,102 - INFO - Reporte de inventario generado correctamente.
2025-03-27 16:59:49,104 - INFO - Reporte de inventario generado correctamente.
2025-03-27 16:59:49,106 - INFO - Reporte de inventario generado correctamente.
2025-03-27 16:59:49,108 - INFO - Reporte de inventario generado correctamente.
2025-03-27 16:59:49,110 - INFO - Reporte de inventario generado correctamente.
2025-03-27 16:59:49,112 - INFO - Reporte de inventario generado correctamente.
2025-03-27 16:59:49,115 - INFO - Reporte de inventario generado correctamente.
2025-03-27 16:59:49,117 - INFO - Reporte de inventario generado correctamente.
2025-03-27 16:59:49,119 - INFO - Reporte de inventario generado correctamente.
2025-03-27 16:59:49,120 - INFO - Reporte de inventario generado correctamente.
2025-03-27 16:59:49,122 - INFO - Reporte de inventario generado correctamente.
2025-03-27 16:59:49,124 - INFO - Reporte de inventario generado correctamente.
2025-03-27 16:59:49,126 - INFO - Reporte de inventario generado correctamente.
2025-03-27 16:59:49,128 - INFO - Reporte de inventario generado correctamente.
2025-03-27 16:59:49,131 - INFO - Reporte de inventario generado correctamente.
2025-03-27 16:59:49,133 - INFO - Reporte de inventario generado correctamente.
2025-03-27 16:59:49,135 - INFO - Reporte de inventario generado correctamente.
2025-03-27 16:59:49,137 - INFO - Reporte de inventario generado correctamente.
2025-03-27 16:59:49,139 - INFO - Reporte de inventario generado correctamente.
2025-03-27 16:59:49,141 - INFO - Reporte de inventario generado correctamente.
2025-03-27 16:59:49,144 - INFO - Reporte de inventario generado correctamente.
2025-03-27 16:59:49,146 - INFO - Reporte de inventario generado correctamente.
2025-03-27 16:59:49,148 - INFO - Reporte de inventario generado correctamente.
2025-03-27 16:59:49,150 - INFO - Reporte de inventario generado correctamente.
2025-03-27 16:59:49,153 - INFO - Reporte de inventario generado correctamente.
2025-03-27 16:59:49,155 - INFO - Reporte de inventario generado correctamente.
2025-03-27 16:59:49,157 - INFO - Reporte de inventario generado correctamente.
2025-03-27 16:59:49,159 - INFO - Reporte de inventario generado correctamente.
2025-03-27 16:59:49,161 - INFO - Reporte de inventario generado correctamente.
2025-03-27 16:59:49,164 - INFO - Reporte de inventario generado correctamente.
2025-03-27 16:59:49,166 - INFO - Reporte de inventario generado correctamente.
2025-03-27 16:59:49,168 - INFO - Reporte de inventario generado correctamente.
2025-03-27 16:59:49,170 - INFO - Reporte de inventario generado correctamente.
2025-03-27 16:59:49,171 - INFO - Reporte de inventario generado correctamente.
2025-03-27 16:59:49,173 - INFO - Reporte de inventario generado correctamente.
2025-03-27 16:59:49,174 - INFO - Reporte de inventario generado correctamente.
2025-03-27 16:59:49,176 - INFO - Reporte de inventario generado correctamente.
2025-03-27 16:59:49,178 - INFO - Reporte de inventario generado correctamente.
2025-03-27 16:59:49,180 - INFO - Reporte de inventario generado correctamente.
2025-03-27 16:59:49,182 - INFO - Reporte de inventario generado correctamente.
2025-03-27 16:59:49,184 - INFO - Reporte de inventario generado correctamente.
2025-03-27 16:59:49,185 - INFO - Reporte de inventario generado correctamente.
2025-03-27 16:59:49,187 - INFO - Reporte de inventario generado correctamente.
2025-03-27 16:59:49,189 - INFO - Reporte de inventario generado correctamente.
2025-03-27 16:59:49,191 - INFO - Reporte de inventario generado correctamente.
2025-03-27 16:59:49,192 - INFO - Reporte de inventario generado correctamente.
2025-03-27 17:00:37,031 - INFO - Inicio de sesión exitoso para usuario: Valepin
2025-03-27 17:01:49,391 - INFO - Producto agregado: Pantalón Mom Jeans
2025-03-27 17:01:57,428 - INFO - Reporte de inventario generado correctamente.
